<?xml version="1.0" encoding="UTF-8"?>
<!-- Generated by org.testng.reporters.JUnitReportReporter -->
<testsuite hostname="Sureshs-MacBook-Air.local" failures="0" tests="2" name="com.learnautomationtestcases.LoginTestCRM" time="13.071" errors="0" timestamp="19 May 2023 14:49:01 GMT" skipped="0">
  <testcase classname="com.learnautomationtestcases.LoginTestCRM" name="loginApp1" time="0.591"/>
  <testcase classname="com.learnautomationtestcases.LoginTestCRM" name="loginApp" time="12.480"/>
</testsuite> <!-- com.learnautomationtestcases.LoginTestCRM -->
