<?xml version="1.0" encoding="UTF-8"?>
<!-- Generated by org.testng.reporters.JUnitReportReporter -->
<testsuite hostname="Sureshs-MacBook-Air.local" failures="0" tests="2" name="com.learnautomationtestcases.LoginTestCRM" time="12.972" errors="0" timestamp="18 May 2023 18:21:41 GMT" skipped="0">
  <testcase classname="com.learnautomationtestcases.LoginTestCRM" name="loginApp1" time="0.713"/>
  <testcase classname="com.learnautomationtestcases.LoginTestCRM" name="loginApp" time="12.259"/>
</testsuite> <!-- com.learnautomationtestcases.LoginTestCRM -->
